2019-03-02T18:05:42,194 DEBUG io.netty.util.internal.logging.InternalLoggerFactory:71 - Using SLF4J as the default logging framework
2019-03-02T18:05:42,207 DEBUG io.netty.util.ResourceLeakDetector:81 - -Dio.netty.leakDetection.level: simple
2019-03-02T18:05:42,208 DEBUG io.netty.util.ResourceLeakDetector:81 - -Dio.netty.leakDetection.maxRecords: 4
2019-03-02T18:05:42,253 DEBUG io.netty.channel.MultithreadEventLoopGroup:76 - -Dio.netty.eventLoopThreads: 8
2019-03-02T18:05:42,288 DEBUG io.netty.util.internal.PlatformDependent:71 - Platform: Windows
2019-03-02T18:05:42,292 DEBUG io.netty.util.internal.PlatformDependent0:76 - -Dio.netty.noUnsafe: false
2019-03-02T18:05:42,292 DEBUG io.netty.util.internal.PlatformDependent0:76 - Java version: 8
2019-03-02T18:05:42,295 DEBUG io.netty.util.internal.PlatformDependent0:71 - sun.misc.Unsafe.theUnsafe: available
2019-03-02T18:05:42,296 DEBUG io.netty.util.internal.PlatformDependent0:71 - sun.misc.Unsafe.copyMemory: available
2019-03-02T18:05:42,297 DEBUG io.netty.util.internal.PlatformDependent0:71 - java.nio.Buffer.address: available
2019-03-02T18:05:42,297 DEBUG io.netty.util.internal.PlatformDependent0:71 - direct buffer constructor: available
2019-03-02T18:05:42,299 DEBUG io.netty.util.internal.PlatformDependent0:76 - java.nio.Bits.unaligned: available, true
2019-03-02T18:05:42,299 DEBUG io.netty.util.internal.PlatformDependent0:71 - jdk.internal.misc.Unsafe.allocateUninitializedArray(int): unavailable prior to Java9
2019-03-02T18:05:42,300 DEBUG io.netty.util.internal.PlatformDependent0:76 - java.nio.DirectByteBuffer.<init>(long, int): available
2019-03-02T18:05:42,300 DEBUG io.netty.util.internal.PlatformDependent:76 - sun.misc.Unsafe: available
2019-03-02T18:05:42,301 DEBUG io.netty.util.internal.PlatformDependent:76 - -Dio.netty.tmpdir: C:\Users\jin\AppData\Local\Temp (java.io.tmpdir)
2019-03-02T18:05:42,301 DEBUG io.netty.util.internal.PlatformDependent:76 - -Dio.netty.bitMode: 64 (sun.arch.data.model)
2019-03-02T18:05:42,303 DEBUG io.netty.util.internal.PlatformDependent:76 - -Dio.netty.noPreferDirect: false
2019-03-02T18:05:42,303 DEBUG io.netty.util.internal.PlatformDependent:76 - -Dio.netty.maxDirectMemory: 1653604352 bytes
2019-03-02T18:05:42,304 DEBUG io.netty.util.internal.PlatformDependent:76 - -Dio.netty.uninitializedArrayAllocationThreshold: -1
2019-03-02T18:05:42,306 DEBUG io.netty.util.internal.CleanerJava6:71 - java.nio.ByteBuffer.cleaner(): available
2019-03-02T18:05:42,331 DEBUG io.netty.channel.nio.NioEventLoop:76 - -Dio.netty.noKeySetOptimization: false
2019-03-02T18:05:42,331 DEBUG io.netty.channel.nio.NioEventLoop:76 - -Dio.netty.selectorAutoRebuildThreshold: 512
2019-03-02T18:05:42,376 DEBUG io.netty.util.internal.PlatformDependent:71 - org.jctools-core.MpscChunkedArrayQueue: available
2019-03-02T18:05:44,592 DEBUG io.netty.resolver.dns.DefaultDnsServerAddressStreamProvider:76 - Default DNS servers: [/223.6.6.6:53, /223.5.5.5:53] (sun.net.dns.ResolverConfiguration)
2019-03-02T18:05:44,599 DEBUG io.netty.util.NetUtil:76 - -Djava.net.preferIPv4Stack: false
2019-03-02T18:05:44,599 DEBUG io.netty.util.NetUtil:76 - -Djava.net.preferIPv6Addresses: false
2019-03-02T18:05:44,733 DEBUG io.netty.util.NetUtil:86 - Loopback interface: lo (Software Loopback Interface 1, 127.0.0.1)
2019-03-02T18:05:44,734 DEBUG io.netty.util.NetUtil:81 - Failed to get SOMAXCONN from sysctl and file \proc\sys\net\core\somaxconn. Default: 200
2019-03-02T18:05:44,860 INFO  com.mchange.v2.log.MLog:212 - MLog clients using slf4j logging.
2019-03-02T18:05:44,868 DEBUG com.mchange.v2.log.MLog:207 - Reading VM config for path list /com/mchange/v2/log/default-mchange-log.properties, /mchange-commons.properties, /c3p0.properties, hocon:/reference,/application,/c3p0,/, /mchange-log.properties, /
2019-03-02T18:05:44,869 DEBUG com.mchange.v2.log.MLog:207 - The configuration file for resource identifier '/mchange-commons.properties' could not be found. Skipping.
2019-03-02T18:05:44,869 DEBUG com.mchange.v2.log.MLog:207 - The configuration file for resource identifier '/c3p0.properties' could not be found. Skipping.
2019-03-02T18:05:44,869 DEBUG com.mchange.v2.log.MLog:207 - The configuration file for resource identifier 'hocon:/reference,/application,/c3p0,/' could not be found. Skipping.
2019-03-02T18:05:44,869 DEBUG com.mchange.v2.log.MLog:207 - The configuration file for resource identifier '/mchange-log.properties' could not be found. Skipping.
2019-03-02T18:05:44,873 DEBUG com.mchange.v2.cfg.MConfig:207 - The configuration file for resource identifier '/mchange-commons.properties' could not be found. Skipping.
2019-03-02T18:05:44,874 DEBUG com.mchange.v2.cfg.MConfig:207 - The configuration file for resource identifier '/mchange-log.properties' could not be found. Skipping.
2019-03-02T18:05:44,874 DEBUG com.mchange.v2.cfg.MConfig:207 - The configuration file for resource identifier 'hocon:/reference,/application,/c3p0,/' could not be found. Skipping.
2019-03-02T18:05:44,874 DEBUG com.mchange.v2.cfg.MConfig:207 - The configuration file for resource identifier '/c3p0.properties' could not be found. Skipping.
2019-03-02T18:05:44,945 INFO  com.mchange.v2.c3p0.C3P0Registry:212 - Initializing c3p0-0.9.5.2 [built 08-December-2015 22:06:04 -0800; debug? true; trace: 10]
2019-03-02T18:05:45,002 DEBUG com.mchange.v2.c3p0.management.DynamicPooledDataSourceManagerMBean:204 - MBean: com.mchange.v2.c3p0:type=PooledDataSource,identityToken=1hgf11da1h5yw5cu8n8qe|7cda6dec,name=1hgf11da1h5yw5cu8n8qe|7cda6dec registered.
2019-03-02T18:05:45,030 DEBUG com.mchange.v2.c3p0.management.DynamicPooledDataSourceManagerMBean:204 - MBean: com.mchange.v2.c3p0:type=PooledDataSource,identityToken=1hgf11da1h5yw5cu8n8qe|7cda6dec,name=1hgf11da1h5yw5cu8n8qe|7cda6dec unregistered, in order to be reregistered after update.
2019-03-02T18:05:45,031 DEBUG com.mchange.v2.c3p0.management.DynamicPooledDataSourceManagerMBean:204 - MBean: com.mchange.v2.c3p0:type=PooledDataSource,identityToken=1hgf11da1h5yw5cu8n8qe|7cda6dec,name=1hgf11da1h5yw5cu8n8qe|7cda6dec registered.
2019-03-02T18:05:45,078 INFO  com.mchange.v2.c3p0.impl.AbstractPoolBackedDataSource:212 - Initializing c3p0 pool... com.mchange.v2.c3p0.ComboPooledDataSource [ acquireIncrement -> 3, acquireRetryAttempts -> 30, acquireRetryDelay -> 1000, autoCommitOnClose -> false, automaticTestTable -> null, breakAfterAcquireFailure -> false, checkoutTimeout -> 0, connectionCustomizerClassName -> null, connectionTesterClassName -> com.mchange.v2.c3p0.impl.DefaultConnectionTester, contextClassLoaderSource -> caller, dataSourceName -> 1hgf11da1h5yw5cu8n8qe|7cda6dec, debugUnreturnedConnectionStackTraces -> false, description -> null, driverClass -> com.mysql.cj.jdbc.Driver, extensions -> {}, factoryClassLocation -> null, forceIgnoreUnresolvedTransactions -> false, forceSynchronousCheckins -> false, forceUseNamedDriverClass -> false, identityToken -> 1hgf11da1h5yw5cu8n8qe|7cda6dec, idleConnectionTestPeriod -> 0, initialPoolSize -> 3, jdbcUrl -> jdbc:mysql://localhost/advertisement?characterEncoding=UTF-8&useSSL=false&useUnicode=true&useJDBCCompliantTimezoneShift=true&useLegacyDatetimeCode=false&serverTimezone=UTC&autoReconnect=true, maxAdministrativeTaskTime -> 0, maxConnectionAge -> 0, maxIdleTime -> 0, maxIdleTimeExcessConnections -> 0, maxPoolSize -> 50, maxStatements -> 0, maxStatementsPerConnection -> 0, minPoolSize -> 3, numHelperThreads -> 3, preferredTestQuery -> null, privilegeSpawnedThreads -> false, properties -> {user=******, password=******}, propertyCycle -> 0, statementCacheNumDeferredCloseThreads -> 0, testConnectionOnCheckin -> false, testConnectionOnCheckout -> false, unreturnedConnectionTimeout -> 0, userOverrides -> {}, usesTraditionalReflectiveProxies -> false ]
2019-03-02T18:05:45,114 DEBUG com.mchange.v2.cfg.MConfig:207 - The configuration file for resource identifier '/mchange-commons.properties' could not be found. Skipping.
2019-03-02T18:05:45,114 DEBUG com.mchange.v2.cfg.MConfig:207 - The configuration file for resource identifier '/mchange-log.properties' could not be found. Skipping.
2019-03-02T18:05:45,121 DEBUG com.mchange.v2.cfg.MConfig:207 - The configuration file for resource identifier '/c3p0.properties' could not be found. Skipping.
2019-03-02T18:05:45,122 DEBUG com.mchange.v2.cfg.MConfig:207 - The configuration file for resource identifier 'hocon:/reference,/application,/c3p0,/' could not be found. Skipping.
2019-03-02T18:05:45,129 DEBUG com.mchange.v2.resourcepool.BasicResourcePool:204 - com.mchange.v2.resourcepool.BasicResourcePool@1a2b5558 config: [start -> 3; min -> 3; max -> 50; inc -> 3; num_acq_attempts -> 30; acq_attempt_delay -> 1000; check_idle_resources_delay -> 0; max_resource_age -> 0; max_idle_time -> 0; excess_max_idle_time -> 0; destroy_unreturned_resc_time -> 0; expiration_enforcement_delay -> 0; break_on_acquisition_failure -> false; debug_store_checkout_exceptions -> false; force_synchronous_checkins -> false]
2019-03-02T18:05:45,129 DEBUG com.mchange.v2.c3p0.impl.C3P0PooledConnectionPoolManager:204 - Created new pool for auth, username (masked): 'ro******'.
2019-03-02T18:05:45,165 DEBUG com.mchange.v2.resourcepool.BasicResourcePool:204 - acquire test -- pool size: 0; target_pool_size: 3; desired target? 1
2019-03-02T18:05:45,169 DEBUG com.mchange.v2.resourcepool.BasicResourcePool:204 - awaitAvailable(): [unknown]
2019-03-02T18:05:45,457 INFO  database.AdvertisementDatabaseVerticle:39 - database is ready
2019-03-02T18:05:45,510 DEBUG com.mchange.v2.c3p0.impl.NewProxyConnection:204 - com.mchange.v2.c3p0.impl.NewProxyConnection@62bd879c [wrapping: null]: close() called more than once.
2019-03-02T18:05:45,995 DEBUG io.netty.buffer.PooledByteBufAllocator:76 - -Dio.netty.allocator.numHeapArenas: 8
2019-03-02T18:05:45,996 DEBUG io.netty.buffer.PooledByteBufAllocator:76 - -Dio.netty.allocator.numDirectArenas: 8
2019-03-02T18:05:45,997 DEBUG io.netty.buffer.PooledByteBufAllocator:76 - -Dio.netty.allocator.pageSize: 8192
2019-03-02T18:05:45,997 DEBUG io.netty.buffer.PooledByteBufAllocator:76 - -Dio.netty.allocator.maxOrder: 11
2019-03-02T18:05:45,997 DEBUG io.netty.buffer.PooledByteBufAllocator:76 - -Dio.netty.allocator.chunkSize: 16777216
2019-03-02T18:05:45,997 DEBUG io.netty.buffer.PooledByteBufAllocator:76 - -Dio.netty.allocator.tinyCacheSize: 512
2019-03-02T18:05:45,998 DEBUG io.netty.buffer.PooledByteBufAllocator:76 - -Dio.netty.allocator.smallCacheSize: 256
2019-03-02T18:05:45,998 DEBUG io.netty.buffer.PooledByteBufAllocator:76 - -Dio.netty.allocator.normalCacheSize: 64
2019-03-02T18:05:45,998 DEBUG io.netty.buffer.PooledByteBufAllocator:76 - -Dio.netty.allocator.maxCachedBufferCapacity: 32768
2019-03-02T18:05:45,998 DEBUG io.netty.buffer.PooledByteBufAllocator:76 - -Dio.netty.allocator.cacheTrimInterval: 8192
2019-03-02T18:05:45,998 DEBUG io.netty.buffer.PooledByteBufAllocator:76 - -Dio.netty.allocator.useCacheForAllThreads: true
2019-03-02T18:05:46,003 DEBUG io.netty.util.internal.InternalThreadLocalMap:76 - -Dio.netty.threadLocalMap.stringBuilder.initialSize: 1024
2019-03-02T18:05:46,003 DEBUG io.netty.util.internal.InternalThreadLocalMap:76 - -Dio.netty.threadLocalMap.stringBuilder.maxSize: 4096
2019-03-02T18:05:46,064 DEBUG io.netty.resolver.dns.UnixResolverDnsServerAddressStreamProvider:86 - failed to parse /etc/resolv.conf and/or /etc/resolver
java.lang.IllegalArgumentException: \etc\resolv.conf didn't provide any name servers
	at io.netty.resolver.dns.UnixResolverDnsServerAddressStreamProvider.<init>(UnixResolverDnsServerAddressStreamProvider.java:98) ~[netty-resolver-dns-4.1.15.Final.jar:4.1.15.Final]
	at io.netty.resolver.dns.UnixResolverDnsServerAddressStreamProvider.<init>(UnixResolverDnsServerAddressStreamProvider.java:124) ~[netty-resolver-dns-4.1.15.Final.jar:4.1.15.Final]
	at io.netty.resolver.dns.UnixResolverDnsServerAddressStreamProvider.parseSilently(UnixResolverDnsServerAddressStreamProvider.java:66) ~[netty-resolver-dns-4.1.15.Final.jar:4.1.15.Final]
	at io.netty.resolver.dns.DnsServerAddressStreamProviders.<clinit>(DnsServerAddressStreamProviders.java:28) ~[netty-resolver-dns-4.1.15.Final.jar:4.1.15.Final]
	at io.netty.resolver.dns.DnsNameResolverBuilder.<init>(DnsNameResolverBuilder.java:54) ~[netty-resolver-dns-4.1.15.Final.jar:4.1.15.Final]
	at io.vertx.core.impl.resolver.DnsResolverProvider$1$1.newNameResolver(DnsResolverProvider.java:137) ~[vertx-core-3.5.0.jar:?]
	at io.netty.resolver.dns.DnsAddressResolverGroup.newResolver(DnsAddressResolverGroup.java:86) ~[netty-resolver-dns-4.1.15.Final.jar:4.1.15.Final]
	at io.netty.resolver.dns.DnsAddressResolverGroup.newResolver(DnsAddressResolverGroup.java:73) ~[netty-resolver-dns-4.1.15.Final.jar:4.1.15.Final]
	at io.netty.resolver.AddressResolverGroup.getResolver(AddressResolverGroup.java:69) ~[netty-resolver-4.1.15.Final.jar:4.1.15.Final]
	at io.vertx.core.impl.resolver.DnsResolverProvider$1.newResolver(DnsResolverProvider.java:184) ~[vertx-core-3.5.0.jar:?]
	at io.netty.resolver.AddressResolverGroup.getResolver(AddressResolverGroup.java:69) ~[netty-resolver-4.1.15.Final.jar:4.1.15.Final]
	at io.vertx.core.impl.AddressResolver.resolveHostname(AddressResolver.java:83) ~[vertx-core-3.5.0.jar:?]
	at io.vertx.core.impl.VertxImpl.resolveAddress(VertxImpl.java:766) ~[vertx-core-3.5.0.jar:?]
	at io.vertx.core.net.impl.AsyncResolveConnectHelper.doBind(AsyncResolveConnectHelper.java:87) ~[vertx-core-3.5.0.jar:?]
	at io.vertx.core.http.impl.HttpServerImpl.listen(HttpServerImpl.java:344) ~[vertx-core-3.5.0.jar:?]
	at io.vertx.core.http.impl.HttpServerImpl.listen(HttpServerImpl.java:231) ~[vertx-core-3.5.0.jar:?]
	at http.HttpServerVerticle.start(HttpServerVerticle.java:148) ~[classes/:?]
	at io.vertx.core.impl.DeploymentManager.lambda$doDeploy$10(DeploymentManager.java:481) ~[vertx-core-3.5.0.jar:?]
	at io.vertx.core.impl.ContextImpl.lambda$wrapTask$2(ContextImpl.java:344) ~[vertx-core-3.5.0.jar:?]
	at io.netty.util.concurrent.AbstractEventExecutor.safeExecute(AbstractEventExecutor.java:163) [netty-common-4.1.15.Final.jar:4.1.15.Final]
	at io.netty.util.concurrent.SingleThreadEventExecutor.runAllTasks(SingleThreadEventExecutor.java:403) [netty-common-4.1.15.Final.jar:4.1.15.Final]
	at io.netty.channel.nio.NioEventLoop.run(NioEventLoop.java:463) [netty-transport-4.1.15.Final.jar:4.1.15.Final]
	at io.netty.util.concurrent.SingleThreadEventExecutor$5.run(SingleThreadEventExecutor.java:858) [netty-common-4.1.15.Final.jar:4.1.15.Final]
	at java.lang.Thread.run(Thread.java:748) [?:1.8.0_181]
2019-03-02T18:05:46,091 DEBUG io.netty.channel.DefaultChannelId:76 - -Dio.netty.processId: 3496 (auto-detected)
2019-03-02T18:05:46,221 DEBUG io.netty.channel.DefaultChannelId:76 - -Dio.netty.machineId: 00:50:56:ff:fe:c0:00:01 (auto-detected)
2019-03-02T18:05:46,256 DEBUG io.netty.buffer.ByteBufUtil:76 - -Dio.netty.allocator.type: pooled
2019-03-02T18:05:46,257 DEBUG io.netty.buffer.ByteBufUtil:76 - -Dio.netty.threadLocalDirectBufferSize: 65536
2019-03-02T18:05:46,257 DEBUG io.netty.buffer.ByteBufUtil:76 - -Dio.netty.maxThreadLocalCharBufferSize: 16384
2019-03-02T18:05:46,300 INFO  http.HttpServerVerticle:150 - HTTP server running on port 8083
2019-03-02T18:06:03,097 DEBUG io.netty.util.Recycler:76 - -Dio.netty.recycler.maxCapacityPerThread: 32768
2019-03-02T18:06:03,097 DEBUG io.netty.util.Recycler:76 - -Dio.netty.recycler.maxSharedCapacityFactor: 2
2019-03-02T18:06:03,097 DEBUG io.netty.util.Recycler:76 - -Dio.netty.recycler.linkCapacity: 16
2019-03-02T18:06:03,097 DEBUG io.netty.util.Recycler:76 - -Dio.netty.recycler.ratio: 8
2019-03-02T18:06:03,113 DEBUG io.netty.buffer.AbstractByteBuf:81 - -Dio.netty.buffer.bytebuf.checkAccessible: true
2019-03-02T18:06:03,115 DEBUG io.netty.util.ResourceLeakDetectorFactory:76 - Loaded default ResourceLeakDetector: io.netty.util.ResourceLeakDetector@4206f2d5
2019-03-02T18:06:03,720 INFO  http.HttpServerVerticle:163 - del--------->{"id":460909,"date":1548950400,"app_name":"雪球大作战","channel":"oppo","advertising_type":"开屏","earned":22.2,"click_rate":0.2083,"ecpm":1.41,"impression":15769,"click":3285,"fill_rate":0.9135,"platform":"oppo","note":"雪球大作战-oppo-开屏-模板1","sdk_name":"oppo"}
2019-03-02T18:06:21,214 INFO  http.HttpServerVerticle:163 - del--------->{"id":460904,"date":1548950400,"app_name":"雪球大作战","channel":"oppo","advertising_type":"视频","earned":24.76,"click_rate":0.0146,"ecpm":1.16,"impression":21329,"click":312,"fill_rate":0.1729,"platform":"oppo","note":"雪球大作战-oppo-视频-激励1","sdk_name":"oppo"}
2019-03-02T18:09:52,735 INFO  http.HttpServerVerticle:163 - del--------->{"id":460908,"date":1548950400,"app_name":"雪球大作战","channel":"oppo","advertising_type":"插屏","earned":31.97,"click_rate":0.0504,"ecpm":1.25,"impression":25512,"click":1286,"fill_rate":0.283,"platform":"oppo","note":"雪球大作战-oppo-插屏-普通1","sdk_name":"oppo"}
2019-03-02T18:25:34,380 INFO  http.HttpServerVerticle:163 - del--------->{"id":460907,"date":1548950400,"app_name":"雪球大作战","channel":"oppo","advertising_type":"插屏","earned":40.57,"click_rate":0.1432,"ecpm":0.43,"impression":94039,"click":13466,"fill_rate":0.5976,"platform":"oppo","note":"雪球大作战-oppo-插屏-模板1","sdk_name":"oppo"}
