2018-11-24T18:53:58,377 DEBUG io.netty.util.internal.logging.InternalLoggerFactory:71 - Using SLF4J as the default logging framework
2018-11-24T18:53:58,381 DEBUG io.netty.util.ResourceLeakDetector:81 - -Dio.netty.leakDetection.level: simple
2018-11-24T18:53:58,381 DEBUG io.netty.util.ResourceLeakDetector:81 - -Dio.netty.leakDetection.maxRecords: 4
2018-11-24T18:53:58,409 DEBUG io.netty.channel.MultithreadEventLoopGroup:76 - -Dio.netty.eventLoopThreads: 8
2018-11-24T18:53:58,431 DEBUG io.netty.util.internal.PlatformDependent:71 - Platform: Windows
2018-11-24T18:53:58,433 DEBUG io.netty.util.internal.PlatformDependent0:76 - -Dio.netty.noUnsafe: false
2018-11-24T18:53:58,434 DEBUG io.netty.util.internal.PlatformDependent0:76 - Java version: 8
2018-11-24T18:53:58,435 DEBUG io.netty.util.internal.PlatformDependent0:71 - sun.misc.Unsafe.theUnsafe: available
2018-11-24T18:53:58,436 DEBUG io.netty.util.internal.PlatformDependent0:71 - sun.misc.Unsafe.copyMemory: available
2018-11-24T18:53:58,437 DEBUG io.netty.util.internal.PlatformDependent0:71 - java.nio.Buffer.address: available
2018-11-24T18:53:58,437 DEBUG io.netty.util.internal.PlatformDependent0:71 - direct buffer constructor: available
2018-11-24T18:53:58,438 DEBUG io.netty.util.internal.PlatformDependent0:76 - java.nio.Bits.unaligned: available, true
2018-11-24T18:53:58,439 DEBUG io.netty.util.internal.PlatformDependent0:71 - jdk.internal.misc.Unsafe.allocateUninitializedArray(int): unavailable prior to Java9
2018-11-24T18:53:58,440 DEBUG io.netty.util.internal.PlatformDependent0:76 - java.nio.DirectByteBuffer.<init>(long, int): available
2018-11-24T18:53:58,440 DEBUG io.netty.util.internal.PlatformDependent:76 - sun.misc.Unsafe: available
2018-11-24T18:53:58,442 DEBUG io.netty.util.internal.PlatformDependent:76 - -Dio.netty.tmpdir: C:\Users\jin\AppData\Local\Temp (java.io.tmpdir)
2018-11-24T18:53:58,442 DEBUG io.netty.util.internal.PlatformDependent:76 - -Dio.netty.bitMode: 64 (sun.arch.data.model)
2018-11-24T18:53:58,444 DEBUG io.netty.util.internal.PlatformDependent:76 - -Dio.netty.noPreferDirect: false
2018-11-24T18:53:58,444 DEBUG io.netty.util.internal.PlatformDependent:76 - -Dio.netty.maxDirectMemory: 1653604352 bytes
2018-11-24T18:53:58,445 DEBUG io.netty.util.internal.PlatformDependent:76 - -Dio.netty.uninitializedArrayAllocationThreshold: -1
2018-11-24T18:53:58,446 DEBUG io.netty.util.internal.CleanerJava6:71 - java.nio.ByteBuffer.cleaner(): available
2018-11-24T18:53:58,464 DEBUG io.netty.channel.nio.NioEventLoop:76 - -Dio.netty.noKeySetOptimization: false
2018-11-24T18:53:58,464 DEBUG io.netty.channel.nio.NioEventLoop:76 - -Dio.netty.selectorAutoRebuildThreshold: 512
2018-11-24T18:53:58,470 DEBUG io.netty.util.internal.PlatformDependent:71 - org.jctools-core.MpscChunkedArrayQueue: available
2018-11-24T18:53:58,827 DEBUG io.netty.resolver.dns.DefaultDnsServerAddressStreamProvider:76 - Default DNS servers: [/192.168.1.1:53] (sun.net.dns.ResolverConfiguration)
2018-11-24T18:53:58,844 DEBUG io.netty.util.NetUtil:76 - -Djava.net.preferIPv4Stack: false
2018-11-24T18:53:58,844 DEBUG io.netty.util.NetUtil:76 - -Djava.net.preferIPv6Addresses: false
2018-11-24T18:53:58,991 DEBUG io.netty.util.NetUtil:86 - Loopback interface: lo (Software Loopback Interface 1, 127.0.0.1)
2018-11-24T18:53:58,992 DEBUG io.netty.util.NetUtil:81 - Failed to get SOMAXCONN from sysctl and file \proc\sys\net\core\somaxconn. Default: 200
