2018-11-24T09:46:52,279 DEBUG io.netty.util.internal.logging.InternalLoggerFactory:71 - Using SLF4J as the default logging framework
2018-11-24T09:46:52,285 DEBUG io.netty.util.ResourceLeakDetector:81 - -Dio.netty.leakDetection.level: simple
2018-11-24T09:46:52,285 DEBUG io.netty.util.ResourceLeakDetector:81 - -Dio.netty.leakDetection.maxRecords: 4
2018-11-24T09:46:52,332 DEBUG io.netty.channel.MultithreadEventLoopGroup:76 - -Dio.netty.eventLoopThreads: 8
2018-11-24T09:46:52,363 DEBUG io.netty.util.internal.PlatformDependent:71 - Platform: Windows
2018-11-24T09:46:52,366 DEBUG io.netty.util.internal.PlatformDependent0:76 - -Dio.netty.noUnsafe: false
2018-11-24T09:46:52,366 DEBUG io.netty.util.internal.PlatformDependent0:76 - Java version: 8
2018-11-24T09:46:52,370 DEBUG io.netty.util.internal.PlatformDependent0:71 - sun.misc.Unsafe.theUnsafe: available
2018-11-24T09:46:52,371 DEBUG io.netty.util.internal.PlatformDependent0:71 - sun.misc.Unsafe.copyMemory: available
2018-11-24T09:46:52,372 DEBUG io.netty.util.internal.PlatformDependent0:71 - java.nio.Buffer.address: available
2018-11-24T09:46:52,372 DEBUG io.netty.util.internal.PlatformDependent0:71 - direct buffer constructor: available
2018-11-24T09:46:52,374 DEBUG io.netty.util.internal.PlatformDependent0:76 - java.nio.Bits.unaligned: available, true
2018-11-24T09:46:52,374 DEBUG io.netty.util.internal.PlatformDependent0:71 - jdk.internal.misc.Unsafe.allocateUninitializedArray(int): unavailable prior to Java9
2018-11-24T09:46:52,374 DEBUG io.netty.util.internal.PlatformDependent0:76 - java.nio.DirectByteBuffer.<init>(long, int): available
2018-11-24T09:46:52,374 DEBUG io.netty.util.internal.PlatformDependent:76 - sun.misc.Unsafe: available
2018-11-24T09:46:52,375 DEBUG io.netty.util.internal.PlatformDependent:76 - -Dio.netty.tmpdir: C:\Users\jin\AppData\Local\Temp (java.io.tmpdir)
2018-11-24T09:46:52,375 DEBUG io.netty.util.internal.PlatformDependent:76 - -Dio.netty.bitMode: 64 (sun.arch.data.model)
2018-11-24T09:46:52,377 DEBUG io.netty.util.internal.PlatformDependent:76 - -Dio.netty.noPreferDirect: false
2018-11-24T09:46:52,378 DEBUG io.netty.util.internal.PlatformDependent:76 - -Dio.netty.maxDirectMemory: 1653604352 bytes
2018-11-24T09:46:52,378 DEBUG io.netty.util.internal.PlatformDependent:76 - -Dio.netty.uninitializedArrayAllocationThreshold: -1
2018-11-24T09:46:52,380 DEBUG io.netty.util.internal.CleanerJava6:71 - java.nio.ByteBuffer.cleaner(): available
2018-11-24T09:46:52,396 DEBUG io.netty.channel.nio.NioEventLoop:76 - -Dio.netty.noKeySetOptimization: false
2018-11-24T09:46:52,396 DEBUG io.netty.channel.nio.NioEventLoop:76 - -Dio.netty.selectorAutoRebuildThreshold: 512
2018-11-24T09:46:52,405 DEBUG io.netty.util.internal.PlatformDependent:71 - org.jctools-core.MpscChunkedArrayQueue: available
2018-11-24T09:46:52,681 DEBUG io.netty.resolver.dns.DefaultDnsServerAddressStreamProvider:76 - Default DNS servers: [/192.168.1.1:53] (sun.net.dns.ResolverConfiguration)
2018-11-24T09:46:52,716 DEBUG io.netty.util.NetUtil:76 - -Djava.net.preferIPv4Stack: false
2018-11-24T09:46:52,717 DEBUG io.netty.util.NetUtil:76 - -Djava.net.preferIPv6Addresses: false
2018-11-24T09:46:52,870 DEBUG io.netty.util.NetUtil:86 - Loopback interface: lo (Software Loopback Interface 1, 127.0.0.1)
2018-11-24T09:46:52,871 DEBUG io.netty.util.NetUtil:81 - Failed to get SOMAXCONN from sysctl and file \proc\sys\net\core\somaxconn. Default: 200
2018-11-24T09:46:53,060 INFO  com.mchange.v2.log.MLog:212 - MLog clients using slf4j logging.
2018-11-24T09:46:53,072 DEBUG com.mchange.v2.log.MLog:207 - Reading VM config for path list /com/mchange/v2/log/default-mchange-log.properties, /mchange-commons.properties, /c3p0.properties, hocon:/reference,/application,/c3p0,/, /mchange-log.properties, /
2018-11-24T09:46:53,073 DEBUG com.mchange.v2.log.MLog:207 - The configuration file for resource identifier '/mchange-commons.properties' could not be found. Skipping.
2018-11-24T09:46:53,073 DEBUG com.mchange.v2.log.MLog:207 - The configuration file for resource identifier '/c3p0.properties' could not be found. Skipping.
2018-11-24T09:46:53,073 DEBUG com.mchange.v2.log.MLog:207 - The configuration file for resource identifier 'hocon:/reference,/application,/c3p0,/' could not be found. Skipping.
2018-11-24T09:46:53,073 DEBUG com.mchange.v2.log.MLog:207 - The configuration file for resource identifier '/mchange-log.properties' could not be found. Skipping.
2018-11-24T09:46:53,076 DEBUG com.mchange.v2.cfg.MConfig:207 - The configuration file for resource identifier '/mchange-commons.properties' could not be found. Skipping.
2018-11-24T09:46:53,077 DEBUG com.mchange.v2.cfg.MConfig:207 - The configuration file for resource identifier '/mchange-log.properties' could not be found. Skipping.
2018-11-24T09:46:53,077 DEBUG com.mchange.v2.cfg.MConfig:207 - The configuration file for resource identifier 'hocon:/reference,/application,/c3p0,/' could not be found. Skipping.
2018-11-24T09:46:53,078 DEBUG com.mchange.v2.cfg.MConfig:207 - The configuration file for resource identifier '/c3p0.properties' could not be found. Skipping.
2018-11-24T09:46:53,145 INFO  com.mchange.v2.c3p0.C3P0Registry:212 - Initializing c3p0-0.9.5.2 [built 08-December-2015 22:06:04 -0800; debug? true; trace: 10]
2018-11-24T09:46:53,230 DEBUG com.mchange.v2.c3p0.management.DynamicPooledDataSourceManagerMBean:204 - MBean: com.mchange.v2.c3p0:type=PooledDataSource,identityToken=1hgf11d9zip7z8nyu5ipx|2c671224,name=1hgf11d9zip7z8nyu5ipx|2c671224 registered.
2018-11-24T09:46:53,265 DEBUG com.mchange.v2.c3p0.management.DynamicPooledDataSourceManagerMBean:204 - MBean: com.mchange.v2.c3p0:type=PooledDataSource,identityToken=1hgf11d9zip7z8nyu5ipx|2c671224,name=1hgf11d9zip7z8nyu5ipx|2c671224 unregistered, in order to be reregistered after update.
2018-11-24T09:46:53,274 DEBUG com.mchange.v2.c3p0.management.DynamicPooledDataSourceManagerMBean:204 - MBean: com.mchange.v2.c3p0:type=PooledDataSource,identityToken=1hgf11d9zip7z8nyu5ipx|2c671224,name=1hgf11d9zip7z8nyu5ipx|2c671224 registered.
2018-11-24T09:46:53,332 INFO  com.mchange.v2.c3p0.impl.AbstractPoolBackedDataSource:212 - Initializing c3p0 pool... com.mchange.v2.c3p0.ComboPooledDataSource [ acquireIncrement -> 3, acquireRetryAttempts -> 30, acquireRetryDelay -> 1000, autoCommitOnClose -> false, automaticTestTable -> null, breakAfterAcquireFailure -> false, checkoutTimeout -> 0, connectionCustomizerClassName -> null, connectionTesterClassName -> com.mchange.v2.c3p0.impl.DefaultConnectionTester, contextClassLoaderSource -> caller, dataSourceName -> 1hgf11d9zip7z8nyu5ipx|2c671224, debugUnreturnedConnectionStackTraces -> false, description -> null, driverClass -> com.mysql.cj.jdbc.Driver, extensions -> {}, factoryClassLocation -> null, forceIgnoreUnresolvedTransactions -> false, forceSynchronousCheckins -> false, forceUseNamedDriverClass -> false, identityToken -> 1hgf11d9zip7z8nyu5ipx|2c671224, idleConnectionTestPeriod -> 0, initialPoolSize -> 3, jdbcUrl -> jdbc:mysql://localhost/advertisement?characterEncoding=UTF-8&useSSL=false&useUnicode=true&useJDBCCompliantTimezoneShift=true&useLegacyDatetimeCode=false&serverTimezone=UTC&autoReconnect=true, maxAdministrativeTaskTime -> 0, maxConnectionAge -> 0, maxIdleTime -> 0, maxIdleTimeExcessConnections -> 0, maxPoolSize -> 30, maxStatements -> 0, maxStatementsPerConnection -> 0, minPoolSize -> 3, numHelperThreads -> 3, preferredTestQuery -> null, privilegeSpawnedThreads -> false, properties -> {user=******, password=******}, propertyCycle -> 0, statementCacheNumDeferredCloseThreads -> 0, testConnectionOnCheckin -> false, testConnectionOnCheckout -> false, unreturnedConnectionTimeout -> 0, userOverrides -> {}, usesTraditionalReflectiveProxies -> false ]
2018-11-24T09:46:53,353 DEBUG com.mchange.v2.cfg.MConfig:207 - The configuration file for resource identifier '/mchange-commons.properties' could not be found. Skipping.
2018-11-24T09:46:53,353 DEBUG com.mchange.v2.cfg.MConfig:207 - The configuration file for resource identifier '/mchange-log.properties' could not be found. Skipping.
2018-11-24T09:46:53,354 DEBUG com.mchange.v2.cfg.MConfig:207 - The configuration file for resource identifier '/c3p0.properties' could not be found. Skipping.
2018-11-24T09:46:53,354 DEBUG com.mchange.v2.cfg.MConfig:207 - The configuration file for resource identifier 'hocon:/reference,/application,/c3p0,/' could not be found. Skipping.
2018-11-24T09:46:53,356 DEBUG com.mchange.v2.resourcepool.BasicResourcePool:204 - com.mchange.v2.resourcepool.BasicResourcePool@1374f5 config: [start -> 3; min -> 3; max -> 30; inc -> 3; num_acq_attempts -> 30; acq_attempt_delay -> 1000; check_idle_resources_delay -> 0; max_resource_age -> 0; max_idle_time -> 0; excess_max_idle_time -> 0; destroy_unreturned_resc_time -> 0; expiration_enforcement_delay -> 0; break_on_acquisition_failure -> false; debug_store_checkout_exceptions -> false; force_synchronous_checkins -> false]
2018-11-24T09:46:53,356 DEBUG com.mchange.v2.c3p0.impl.C3P0PooledConnectionPoolManager:204 - Created new pool for auth, username (masked): 'ro******'.
2018-11-24T09:46:53,356 DEBUG com.mchange.v2.resourcepool.BasicResourcePool:204 - acquire test -- pool size: 0; target_pool_size: 3; desired target? 1
2018-11-24T09:46:53,356 DEBUG com.mchange.v2.resourcepool.BasicResourcePool:204 - awaitAvailable(): [unknown]
2018-11-24T09:46:53,619 INFO  database.AdvertisementDatabaseVerticle:38 - database is ready
2018-11-24T09:46:54,255 DEBUG io.netty.buffer.PooledByteBufAllocator:76 - -Dio.netty.allocator.numHeapArenas: 8
2018-11-24T09:46:54,256 DEBUG io.netty.buffer.PooledByteBufAllocator:76 - -Dio.netty.allocator.numDirectArenas: 8
2018-11-24T09:46:54,256 DEBUG io.netty.buffer.PooledByteBufAllocator:76 - -Dio.netty.allocator.pageSize: 8192
2018-11-24T09:46:54,257 DEBUG io.netty.buffer.PooledByteBufAllocator:76 - -Dio.netty.allocator.maxOrder: 11
2018-11-24T09:46:54,257 DEBUG io.netty.buffer.PooledByteBufAllocator:76 - -Dio.netty.allocator.chunkSize: 16777216
2018-11-24T09:46:54,257 DEBUG io.netty.buffer.PooledByteBufAllocator:76 - -Dio.netty.allocator.tinyCacheSize: 512
2018-11-24T09:46:54,257 DEBUG io.netty.buffer.PooledByteBufAllocator:76 - -Dio.netty.allocator.smallCacheSize: 256
2018-11-24T09:46:54,257 DEBUG io.netty.buffer.PooledByteBufAllocator:76 - -Dio.netty.allocator.normalCacheSize: 64
2018-11-24T09:46:54,257 DEBUG io.netty.buffer.PooledByteBufAllocator:76 - -Dio.netty.allocator.maxCachedBufferCapacity: 32768
2018-11-24T09:46:54,257 DEBUG io.netty.buffer.PooledByteBufAllocator:76 - -Dio.netty.allocator.cacheTrimInterval: 8192
2018-11-24T09:46:54,258 DEBUG io.netty.buffer.PooledByteBufAllocator:76 - -Dio.netty.allocator.useCacheForAllThreads: true
2018-11-24T09:46:54,261 DEBUG io.netty.util.internal.InternalThreadLocalMap:76 - -Dio.netty.threadLocalMap.stringBuilder.initialSize: 1024
2018-11-24T09:46:54,261 DEBUG io.netty.util.internal.InternalThreadLocalMap:76 - -Dio.netty.threadLocalMap.stringBuilder.maxSize: 4096
2018-11-24T09:46:54,305 DEBUG io.netty.resolver.dns.UnixResolverDnsServerAddressStreamProvider:86 - failed to parse /etc/resolv.conf and/or /etc/resolver
java.lang.IllegalArgumentException: \etc\resolv.conf didn't provide any name servers
	at io.netty.resolver.dns.UnixResolverDnsServerAddressStreamProvider.<init>(UnixResolverDnsServerAddressStreamProvider.java:98) ~[netty-resolver-dns-4.1.15.Final.jar:4.1.15.Final]
	at io.netty.resolver.dns.UnixResolverDnsServerAddressStreamProvider.<init>(UnixResolverDnsServerAddressStreamProvider.java:124) ~[netty-resolver-dns-4.1.15.Final.jar:4.1.15.Final]
	at io.netty.resolver.dns.UnixResolverDnsServerAddressStreamProvider.parseSilently(UnixResolverDnsServerAddressStreamProvider.java:66) ~[netty-resolver-dns-4.1.15.Final.jar:4.1.15.Final]
	at io.netty.resolver.dns.DnsServerAddressStreamProviders.<clinit>(DnsServerAddressStreamProviders.java:28) ~[netty-resolver-dns-4.1.15.Final.jar:4.1.15.Final]
	at io.netty.resolver.dns.DnsNameResolverBuilder.<init>(DnsNameResolverBuilder.java:54) ~[netty-resolver-dns-4.1.15.Final.jar:4.1.15.Final]
	at io.vertx.core.impl.resolver.DnsResolverProvider$1$1.newNameResolver(DnsResolverProvider.java:137) ~[vertx-core-3.5.0.jar:?]
	at io.netty.resolver.dns.DnsAddressResolverGroup.newResolver(DnsAddressResolverGroup.java:86) ~[netty-resolver-dns-4.1.15.Final.jar:4.1.15.Final]
	at io.netty.resolver.dns.DnsAddressResolverGroup.newResolver(DnsAddressResolverGroup.java:73) ~[netty-resolver-dns-4.1.15.Final.jar:4.1.15.Final]
	at io.netty.resolver.AddressResolverGroup.getResolver(AddressResolverGroup.java:69) ~[netty-resolver-4.1.15.Final.jar:4.1.15.Final]
	at io.vertx.core.impl.resolver.DnsResolverProvider$1.newResolver(DnsResolverProvider.java:184) ~[vertx-core-3.5.0.jar:?]
	at io.netty.resolver.AddressResolverGroup.getResolver(AddressResolverGroup.java:69) ~[netty-resolver-4.1.15.Final.jar:4.1.15.Final]
	at io.vertx.core.impl.AddressResolver.resolveHostname(AddressResolver.java:83) ~[vertx-core-3.5.0.jar:?]
	at io.vertx.core.impl.VertxImpl.resolveAddress(VertxImpl.java:766) ~[vertx-core-3.5.0.jar:?]
	at io.vertx.core.net.impl.AsyncResolveConnectHelper.doBind(AsyncResolveConnectHelper.java:87) ~[vertx-core-3.5.0.jar:?]
	at io.vertx.core.http.impl.HttpServerImpl.listen(HttpServerImpl.java:344) ~[vertx-core-3.5.0.jar:?]
	at io.vertx.core.http.impl.HttpServerImpl.listen(HttpServerImpl.java:231) ~[vertx-core-3.5.0.jar:?]
	at http.HttpServerVerticle.start(HttpServerVerticle.java:114) ~[classes/:?]
	at io.vertx.core.impl.DeploymentManager.lambda$doDeploy$10(DeploymentManager.java:481) ~[vertx-core-3.5.0.jar:?]
	at io.vertx.core.impl.ContextImpl.lambda$wrapTask$2(ContextImpl.java:344) ~[vertx-core-3.5.0.jar:?]
	at io.netty.util.concurrent.AbstractEventExecutor.safeExecute(AbstractEventExecutor.java:163) [netty-common-4.1.15.Final.jar:4.1.15.Final]
	at io.netty.util.concurrent.SingleThreadEventExecutor.runAllTasks(SingleThreadEventExecutor.java:403) [netty-common-4.1.15.Final.jar:4.1.15.Final]
	at io.netty.channel.nio.NioEventLoop.run(NioEventLoop.java:463) [netty-transport-4.1.15.Final.jar:4.1.15.Final]
	at io.netty.util.concurrent.SingleThreadEventExecutor$5.run(SingleThreadEventExecutor.java:858) [netty-common-4.1.15.Final.jar:4.1.15.Final]
	at java.lang.Thread.run(Thread.java:748) [?:1.8.0_181]
2018-11-24T09:46:54,330 DEBUG io.netty.channel.DefaultChannelId:76 - -Dio.netty.processId: 14112 (auto-detected)
2018-11-24T09:46:54,419 DEBUG io.netty.channel.DefaultChannelId:76 - -Dio.netty.machineId: 00:50:56:ff:fe:c0:00:01 (auto-detected)
2018-11-24T09:46:54,444 DEBUG io.netty.buffer.ByteBufUtil:76 - -Dio.netty.allocator.type: pooled
2018-11-24T09:46:54,444 DEBUG io.netty.buffer.ByteBufUtil:76 - -Dio.netty.threadLocalDirectBufferSize: 65536
2018-11-24T09:46:54,444 DEBUG io.netty.buffer.ByteBufUtil:76 - -Dio.netty.maxThreadLocalCharBufferSize: 16384
2018-11-24T09:46:54,488 ERROR http.HttpServerVerticle:119 - Could not start a HTTP server
java.net.BindException: Address already in use: bind
	at sun.nio.ch.Net.bind0(Native Method) ~[?:1.8.0_181]
	at sun.nio.ch.Net.bind(Net.java:433) ~[?:1.8.0_181]
	at sun.nio.ch.Net.bind(Net.java:425) ~[?:1.8.0_181]
	at sun.nio.ch.ServerSocketChannelImpl.bind(ServerSocketChannelImpl.java:223) ~[?:1.8.0_181]
	at io.netty.channel.socket.nio.NioServerSocketChannel.doBind(NioServerSocketChannel.java:128) ~[netty-transport-4.1.15.Final.jar:4.1.15.Final]
	at io.netty.channel.AbstractChannel$AbstractUnsafe.bind(AbstractChannel.java:558) ~[netty-transport-4.1.15.Final.jar:4.1.15.Final]
	at io.netty.channel.DefaultChannelPipeline$HeadContext.bind(DefaultChannelPipeline.java:1283) ~[netty-transport-4.1.15.Final.jar:4.1.15.Final]
	at io.netty.channel.AbstractChannelHandlerContext.invokeBind(AbstractChannelHandlerContext.java:501) ~[netty-transport-4.1.15.Final.jar:4.1.15.Final]
	at io.netty.channel.AbstractChannelHandlerContext.bind(AbstractChannelHandlerContext.java:486) ~[netty-transport-4.1.15.Final.jar:4.1.15.Final]
	at io.netty.channel.DefaultChannelPipeline.bind(DefaultChannelPipeline.java:989) ~[netty-transport-4.1.15.Final.jar:4.1.15.Final]
	at io.netty.channel.AbstractChannel.bind(AbstractChannel.java:254) ~[netty-transport-4.1.15.Final.jar:4.1.15.Final]
	at io.netty.bootstrap.AbstractBootstrap$2.run(AbstractBootstrap.java:365) ~[netty-transport-4.1.15.Final.jar:4.1.15.Final]
	at io.netty.util.concurrent.AbstractEventExecutor.safeExecute(AbstractEventExecutor.java:163) [netty-common-4.1.15.Final.jar:4.1.15.Final]
	at io.netty.util.concurrent.SingleThreadEventExecutor.runAllTasksFrom(SingleThreadEventExecutor.java:379) ~[netty-common-4.1.15.Final.jar:4.1.15.Final]
	at io.netty.util.concurrent.SingleThreadEventExecutor.runAllTasks(SingleThreadEventExecutor.java:354) [netty-common-4.1.15.Final.jar:4.1.15.Final]
	at io.netty.channel.nio.NioEventLoop.run(NioEventLoop.java:454) [netty-transport-4.1.15.Final.jar:4.1.15.Final]
	at io.netty.util.concurrent.SingleThreadEventExecutor$5.run(SingleThreadEventExecutor.java:858) [netty-common-4.1.15.Final.jar:4.1.15.Final]
	at java.lang.Thread.run(Thread.java:748) [?:1.8.0_181]
2018-11-24T09:47:11,828 INFO  AccountVerticle:205 - root  get info success["admin"]-------------------------------
